platforms/android/build/outputs/logs/manifest-merger-debug-report.txt
-- Merging decision tree log ---
manifest
ADDED from platforms\android\AndroidManifest.xml:2:1-41:12
	android:hardwareAccelerated
		ADDED from platforms\android\AndroidManifest.xml:2:11-45
	xmlns:android
		ADDED from platforms\android\AndroidManifest.xml:2:132-190
	package
		ADDED from platforms\android\AndroidManifest.xml:2:98-131
		INJECTED from platforms\android\AndroidManifest.xml
		INJECTED from platforms\android\AndroidManifest.xml
	android:versionName
		ADDED from platforms\android\AndroidManifest.xml:2:70-97
		INJECTED from platforms\android\AndroidManifest.xml
		INJECTED from platforms\android\AndroidManifest.xml
	android:versionCode
		ADDED from platforms\android\AndroidManifest.xml:2:46-69
		INJECTED from platforms\android\AndroidManifest.xml
		INJECTED from platforms\android\AndroidManifest.xml
supports-screens
ADDED from platforms\android\AndroidManifest.xml:3:5-191
	android:resizeable
		ADDED from platforms\android\AndroidManifest.xml:3:106-131
	android:largeScreens
		ADDED from platforms\android\AndroidManifest.xml:3:49-76
	android:anyDensity
		ADDED from platforms\android\AndroidManifest.xml:3:23-48
	android:normalScreens
		ADDED from platforms\android\AndroidManifest.xml:3:77-105
	android:xlargeScreens
		ADDED from platforms\android\AndroidManifest.xml:3:160-188
	android:smallScreens
		ADDED from platforms\android\AndroidManifest.xml:3:132-159
uses-permission#android.permission.INTERNET
ADDED from platforms\android\AndroidManifest.xml:4:5-67
	android:name
		ADDED from platforms\android\AndroidManifest.xml:4:22-64
application
ADDED from platforms\android\AndroidManifest.xml:5:5-29:19
MERGED from [com.android.support:support-v4:23.1.1] AndroidManifest.xml:22:5-20
	android:supportsRtl
		ADDED from platforms\android\AndroidManifest.xml:5:116-142
	android:label
		ADDED from platforms\android\AndroidManifest.xml:5:83-115
	android:icon
		ADDED from platforms\android\AndroidManifest.xml:5:53-82
	android:hardwareAccelerated
		ADDED from platforms\android\AndroidManifest.xml:5:18-52
activity#com.app.virtualguardian.MainActivity
ADDED from platforms\android\AndroidManifest.xml:6:9-11:20
	android:windowSoftInputMode
		ADDED from platforms\android\AndroidManifest.xml:6:257-308
	android:label
		ADDED from platforms\android\AndroidManifest.xml:6:97-134
	android:configChanges
		ADDED from platforms\android\AndroidManifest.xml:6:19-96
	android:theme
		ADDED from platforms\android\AndroidManifest.xml:6:194-256
	android:name
		ADDED from platforms\android\AndroidManifest.xml:6:166-193
	android:launchMode
		ADDED from platforms\android\AndroidManifest.xml:6:135-165
intent-filter#android.intent.action.MAIN+android.intent.category.LAUNCHER
ADDED from platforms\android\AndroidManifest.xml:7:13-10:29
	android:label
		ADDED from platforms\android\AndroidManifest.xml:7:28-65
action#android.intent.action.MAIN
ADDED from platforms\android\AndroidManifest.xml:8:17-69
	android:name
		ADDED from platforms\android\AndroidManifest.xml:8:25-66
category#android.intent.category.LAUNCHER
ADDED from platforms\android\AndroidManifest.xml:9:17-77
	android:name
		ADDED from platforms\android\AndroidManifest.xml:9:27-74
activity#com.plugin.gcm.PushHandlerActivity
ADDED from platforms\android\AndroidManifest.xml:12:9-95
	android:exported
		ADDED from platforms\android\AndroidManifest.xml:12:19-42
	android:name
		ADDED from platforms\android\AndroidManifest.xml:12:43-92
receiver#com.plugin.gcm.CordovaGCMBroadcastReceiver
ADDED from platforms\android\AndroidManifest.xml:13:9-19:20
	android:permission
		ADDED from platforms\android\AndroidManifest.xml:13:77-137
	android:name
		ADDED from platforms\android\AndroidManifest.xml:13:19-76
intent-filter#com.app.virtualguardian+com.google.android.c2dm.intent.RECEIVE+com.google.android.c2dm.intent.REGISTRATION
ADDED from platforms\android\AndroidManifest.xml:14:13-18:29
action#com.google.android.c2dm.intent.RECEIVE
ADDED from platforms\android\AndroidManifest.xml:15:17-81
	android:name
		ADDED from platforms\android\AndroidManifest.xml:15:25-78
action#com.google.android.c2dm.intent.REGISTRATION
ADDED from platforms\android\AndroidManifest.xml:16:17-86
	android:name
		ADDED from platforms\android\AndroidManifest.xml:16:25-83
category#com.app.virtualguardian
ADDED from platforms\android\AndroidManifest.xml:17:17-68
	android:name
		ADDED from platforms\android\AndroidManifest.xml:17:27-65
service#com.plugin.gcm.GCMIntentService
ADDED from platforms\android\AndroidManifest.xml:20:9-67
	android:name
		ADDED from platforms\android\AndroidManifest.xml:20:18-64
intent-filter#android.intent.action.MAIN+android.intent.action.VIEW+android.intent.category.BROWSABLE+android.intent.category.DEFAULT+android.intent.category.LAUNCHER
ADDED from platforms\android\AndroidManifest.xml:21:9-28:25
	android:label
		ADDED from platforms\android\AndroidManifest.xml:21:24-61
action#android.intent.action.VIEW
ADDED from platforms\android\AndroidManifest.xml:23:13-65
	android:name
		ADDED from platforms\android\AndroidManifest.xml:23:21-62
category#android.intent.category.DEFAULT
ADDED from platforms\android\AndroidManifest.xml:25:13-72
	android:name
		ADDED from platforms\android\AndroidManifest.xml:25:23-69
category#android.intent.category.BROWSABLE
ADDED from platforms\android\AndroidManifest.xml:26:13-74
	android:name
		ADDED from platforms\android\AndroidManifest.xml:26:23-71
data
ADDED from platforms\android\AndroidManifest.xml:27:13-43
	android:scheme
		ADDED from platforms\android\AndroidManifest.xml:27:19-40
uses-sdk
ADDED from platforms\android\AndroidManifest.xml:30:5-74
MERGED from [com.android.support:support-v4:23.1.1] AndroidManifest.xml:20:5-43
MERGED from [android:CordovaLib:unspecified:debug] AndroidManifest.xml:25:5-44
	android:targetSdkVersion
		ADDED from platforms\android\AndroidManifest.xml:30:42-71
	android:minSdkVersion
		ADDED from platforms\android\AndroidManifest.xml:30:15-41
uses-permission#android.permission.ACCESS_NETWORK_STATE
ADDED from platforms\android\AndroidManifest.xml:31:5-79
	android:name
		ADDED from platforms\android\AndroidManifest.xml:31:22-76
uses-permission#android.permission.GET_ACCOUNTS
ADDED from platforms\android\AndroidManifest.xml:32:5-71
	android:name
		ADDED from platforms\android\AndroidManifest.xml:32:22-68
uses-permission#android.permission.WAKE_LOCK
ADDED from platforms\android\AndroidManifest.xml:33:5-68
	android:name
		ADDED from platforms\android\AndroidManifest.xml:33:22-65
uses-permission#android.permission.VIBRATE
ADDED from platforms\android\AndroidManifest.xml:34:5-66
	android:name
		ADDED from platforms\android\AndroidManifest.xml:34:22-63
uses-permission#com.google.android.c2dm.permission.RECEIVE
ADDED from platforms\android\AndroidManifest.xml:35:5-82
	android:name
		ADDED from platforms\android\AndroidManifest.xml:35:22-79
permission#com.app.virtualguardian.permission.C2D_MESSAGE
ADDED from platforms\android\AndroidManifest.xml:36:5-117
	android:protectionLevel
		ADDED from platforms\android\AndroidManifest.xml:36:79-114
	android:name
		ADDED from platforms\android\AndroidManifest.xml:36:17-78
uses-permission#com.app.virtualguardian.permission.C2D_MESSAGE
ADDED from platforms\android\AndroidManifest.xml:37:5-86
	android:name
		ADDED from platforms\android\AndroidManifest.xml:37:22-83
uses-permission#android.permission.WRITE_EXTERNAL_STORAGE
ADDED from platforms\android\AndroidManifest.xml:38:5-81
	android:name
		ADDED from platforms\android\AndroidManifest.xml:38:22-78
uses-permission#android.permission.ACCESS_COARSE_LOCATION
ADDED from platforms\android\AndroidManifest.xml:39:5-81
	android:name
		ADDED from platforms\android\AndroidManifest.xml:39:22-78
uses-permission#android.permission.ACCESS_FINE_LOCATION
ADDED from platforms\android\AndroidManifest.xml:40:5-79
	android:name
		ADDED from platforms\android\AndroidManifest.xml:40:22-76